<html>
<head>
<title>TestNG:  Command line test</title>
<link href="../testng.css" rel="stylesheet" type="text/css" />
<link href="../my-testng.css" rel="stylesheet" type="text/css" />

<style type="text/css">
.log { display: none;} 
.stack-trace { display: none;} 
</style>
<script type="text/javascript">
<!--
function flip(e) {
  current = e.style.display;
  if (current == 'block') {
    e.style.display = 'none';
    return 0;
  }
  else {
    e.style.display = 'block';
    return 1;
  }
}

function toggleBox(szDivId, elem, msg1, msg2)
{
  var res = -1;  if (document.getElementById) {
    res = flip(document.getElementById(szDivId));
  }
  else if (document.all) {
    // this is the way old msie versions work
    res = flip(document.all[szDivId]);
  }
  if(elem) {
    if(res == 0) elem.innerHTML = msg1; else elem.innerHTML = msg2;
  }

}

function toggleAllBoxes() {
  if (document.getElementsByTagName) {
    d = document.getElementsByTagName('div');
    for (i = 0; i < d.length; i++) {
      if (d[i].className == 'log') {
        flip(d[i]);
      }
    }
  }
}

// -->
</script>

</head>
<body>
<h2 align='center'>Command line test</h2><table border='1' align="center">
<tr>
<td>Tests passed/Failed/Skipped:</td><td>23/0/0</td>
</tr><tr>
<td>Started on:</td><td>Wed May 04 14:11:41 CDT 2022</td>
</tr>
<tr><td>Total time:</td><td>1 seconds (1783 ms)</td>
</tr><tr>
<td>Included groups:</td><td></td>
</tr><tr>
<td>Excluded groups:</td><td></td>
</tr>
</table><p/>
<small><i>(Hover the method name to see the test class name)</i></small><p/>
<table width='100%' border='1' class='invocation-passed'>
<tr><td colspan='4' align='center'><b>PASSED TESTS</b></td></tr>
<tr><td><b>Test method</b></td>
<td width="30%"><b>Exception</b></td>
<td width="10%"><b>Time (seconds)</b></td>
<td><b>Instance</b></td>
</tr>
<tr>
<td title='com.mycompany.fusionauth.plugins.ExampleArgon2idPasswordEncryptorTest.Should_ThrowException_When_MemoryGreaterThan16_777_215Kibibytes()'><b>Should_ThrowException_When_MemoryGreaterThan16_777_215Kibibytes</b><br>Test class: com.mycompany.fusionauth.plugins.ExampleArgon2idPasswordEncryptorTest</td>
<td><div><pre>java.lang.IllegalArgumentException: Invalid Memory Cost value [16384] it must be an integer from 1 to 16,383 ((2^(24)-1)/1024).
	at com.mycompany.fusionauth.plugins.ExampleArgon2idPasswordEncryptor.setMemoryCost(ExampleArgon2idPasswordEncryptor.java:117)
	at com.mycompany.fusionauth.plugins.ExampleArgon2idPasswordEncryptorTest.Should_ThrowException_When_MemoryGreaterThan16_777_215Kibibytes(ExampleArgon2idPasswordEncryptorTest.java:36)
	at java.base/java.util.ArrayList.forEach(ArrayList.java:1511)
... Removed 33 stack frames</pre></div><a href='#' onClick='toggleBox("stack-trace1847637306", this, "Click to show all stack frames", "Click to hide stack frames")'>Click to show all stack frames</a>
<div class='stack-trace' id='stack-trace1847637306'><pre>java.lang.IllegalArgumentException: Invalid Memory Cost value [16384] it must be an integer from 1 to 16,383 ((2^(24)-1)/1024).
	at com.mycompany.fusionauth.plugins.ExampleArgon2idPasswordEncryptor.setMemoryCost(ExampleArgon2idPasswordEncryptor.java:117)
	at com.mycompany.fusionauth.plugins.ExampleArgon2idPasswordEncryptorTest.Should_ThrowException_When_MemoryGreaterThan16_777_215Kibibytes(ExampleArgon2idPasswordEncryptorTest.java:36)
	at java.base/jdk.internal.reflect.DirectMethodHandleAccessor.invoke(DirectMethodHandleAccessor.java:104)
	at java.base/java.lang.reflect.Method.invoke(Method.java:577)
	at org.testng.internal.MethodInvocationHelper.invokeMethod(MethodInvocationHelper.java:132)
	at org.testng.internal.TestInvoker.invokeMethod(TestInvoker.java:599)
	at org.testng.internal.TestInvoker.invokeTestMethod(TestInvoker.java:174)
	at org.testng.internal.MethodRunner.runInSequence(MethodRunner.java:46)
	at org.testng.internal.TestInvoker$MethodInvocationAgent.invoke(TestInvoker.java:822)
	at org.testng.internal.TestInvoker.invokeTestMethods(TestInvoker.java:147)
	at org.testng.internal.TestMethodWorker.invokeTestMethods(TestMethodWorker.java:146)
	at org.testng.internal.TestMethodWorker.run(TestMethodWorker.java:128)
	at java.base/java.util.ArrayList.forEach(ArrayList.java:1511)
	at org.testng.TestRunner.privateRun(TestRunner.java:764)
	at org.testng.TestRunner.run(TestRunner.java:585)
	at org.testng.SuiteRunner.runTest(SuiteRunner.java:384)
	at org.testng.SuiteRunner.runSequentially(SuiteRunner.java:378)
	at org.testng.SuiteRunner.privateRun(SuiteRunner.java:337)
	at org.testng.SuiteRunner.run(SuiteRunner.java:286)
	at org.testng.SuiteRunnerWorker.runSuite(SuiteRunnerWorker.java:53)
	at org.testng.SuiteRunnerWorker.run(SuiteRunnerWorker.java:96)
	at org.testng.TestNG.runSuitesSequentially(TestNG.java:1218)
	at org.testng.TestNG.runSuitesLocally(TestNG.java:1140)
	at org.testng.TestNG.runSuites(TestNG.java:1069)
	at org.testng.TestNG.run(TestNG.java:1037)
	at org.apache.maven.surefire.testng.TestNGExecutor.run(TestNGExecutor.java:77)
	at org.apache.maven.surefire.testng.TestNGDirectoryTestSuite.executeMulti(TestNGDirectoryTestSuite.java:159)
	at org.apache.maven.surefire.testng.TestNGDirectoryTestSuite.execute(TestNGDirectoryTestSuite.java:99)
	at org.apache.maven.surefire.testng.TestNGProvider.invoke(TestNGProvider.java:106)
	at java.base/jdk.internal.reflect.DirectMethodHandleAccessor.invoke(DirectMethodHandleAccessor.java:104)
	at java.base/java.lang.reflect.Method.invoke(Method.java:577)
	at org.apache.maven.surefire.util.ReflectionUtils.invokeMethodWithArray(ReflectionUtils.java:189)
	at org.apache.maven.surefire.booter.ProviderFactory$ProviderProxy.invoke(ProviderFactory.java:165)
	at org.apache.maven.surefire.booter.ProviderFactory.invokeProvider(ProviderFactory.java:85)
	at org.apache.maven.surefire.booter.ForkedBooter.runSuitesInProcess(ForkedBooter.java:115)
	at org.apache.maven.surefire.booter.ForkedBooter.main(ForkedBooter.java:75)
</pre></div></td>
<td>0</td>
<td>com.mycompany.fusionauth.plugins.ExampleArgon2idPasswordEncryptorTest@687080dc</td></tr>
<tr>
<td title='com.mycompany.fusionauth.plugins.ExampleArgon2idPasswordEncryptorTest.Should_ThrowException_When_MemoryLessThan1()'><b>Should_ThrowException_When_MemoryLessThan1</b><br>Test class: com.mycompany.fusionauth.plugins.ExampleArgon2idPasswordEncryptorTest</td>
<td><div><pre>java.lang.IllegalArgumentException: Invalid Memory Cost value [0] it must be an integer from 1 to 16,383 ((2^(24)-1)/1024).
	at com.mycompany.fusionauth.plugins.ExampleArgon2idPasswordEncryptor.setMemoryCost(ExampleArgon2idPasswordEncryptor.java:117)
	at com.mycompany.fusionauth.plugins.ExampleArgon2idPasswordEncryptorTest.Should_ThrowException_When_MemoryLessThan1(ExampleArgon2idPasswordEncryptorTest.java:30)
	at java.base/java.util.ArrayList.forEach(ArrayList.java:1511)
... Removed 33 stack frames</pre></div><a href='#' onClick='toggleBox("stack-trace1904253191", this, "Click to show all stack frames", "Click to hide stack frames")'>Click to show all stack frames</a>
<div class='stack-trace' id='stack-trace1904253191'><pre>java.lang.IllegalArgumentException: Invalid Memory Cost value [0] it must be an integer from 1 to 16,383 ((2^(24)-1)/1024).
	at com.mycompany.fusionauth.plugins.ExampleArgon2idPasswordEncryptor.setMemoryCost(ExampleArgon2idPasswordEncryptor.java:117)
	at com.mycompany.fusionauth.plugins.ExampleArgon2idPasswordEncryptorTest.Should_ThrowException_When_MemoryLessThan1(ExampleArgon2idPasswordEncryptorTest.java:30)
	at java.base/jdk.internal.reflect.DirectMethodHandleAccessor.invoke(DirectMethodHandleAccessor.java:104)
	at java.base/java.lang.reflect.Method.invoke(Method.java:577)
	at org.testng.internal.MethodInvocationHelper.invokeMethod(MethodInvocationHelper.java:132)
	at org.testng.internal.TestInvoker.invokeMethod(TestInvoker.java:599)
	at org.testng.internal.TestInvoker.invokeTestMethod(TestInvoker.java:174)
	at org.testng.internal.MethodRunner.runInSequence(MethodRunner.java:46)
	at org.testng.internal.TestInvoker$MethodInvocationAgent.invoke(TestInvoker.java:822)
	at org.testng.internal.TestInvoker.invokeTestMethods(TestInvoker.java:147)
	at org.testng.internal.TestMethodWorker.invokeTestMethods(TestMethodWorker.java:146)
	at org.testng.internal.TestMethodWorker.run(TestMethodWorker.java:128)
	at java.base/java.util.ArrayList.forEach(ArrayList.java:1511)
	at org.testng.TestRunner.privateRun(TestRunner.java:764)
	at org.testng.TestRunner.run(TestRunner.java:585)
	at org.testng.SuiteRunner.runTest(SuiteRunner.java:384)
	at org.testng.SuiteRunner.runSequentially(SuiteRunner.java:378)
	at org.testng.SuiteRunner.privateRun(SuiteRunner.java:337)
	at org.testng.SuiteRunner.run(SuiteRunner.java:286)
	at org.testng.SuiteRunnerWorker.runSuite(SuiteRunnerWorker.java:53)
	at org.testng.SuiteRunnerWorker.run(SuiteRunnerWorker.java:96)
	at org.testng.TestNG.runSuitesSequentially(TestNG.java:1218)
	at org.testng.TestNG.runSuitesLocally(TestNG.java:1140)
	at org.testng.TestNG.runSuites(TestNG.java:1069)
	at org.testng.TestNG.run(TestNG.java:1037)
	at org.apache.maven.surefire.testng.TestNGExecutor.run(TestNGExecutor.java:77)
	at org.apache.maven.surefire.testng.TestNGDirectoryTestSuite.executeMulti(TestNGDirectoryTestSuite.java:159)
	at org.apache.maven.surefire.testng.TestNGDirectoryTestSuite.execute(TestNGDirectoryTestSuite.java:99)
	at org.apache.maven.surefire.testng.TestNGProvider.invoke(TestNGProvider.java:106)
	at java.base/jdk.internal.reflect.DirectMethodHandleAccessor.invoke(DirectMethodHandleAccessor.java:104)
	at java.base/java.lang.reflect.Method.invoke(Method.java:577)
	at org.apache.maven.surefire.util.ReflectionUtils.invokeMethodWithArray(ReflectionUtils.java:189)
	at org.apache.maven.surefire.booter.ProviderFactory$ProviderProxy.invoke(ProviderFactory.java:165)
	at org.apache.maven.surefire.booter.ProviderFactory.invokeProvider(ProviderFactory.java:85)
	at org.apache.maven.surefire.booter.ForkedBooter.runSuitesInProcess(ForkedBooter.java:115)
	at org.apache.maven.surefire.booter.ForkedBooter.main(ForkedBooter.java:75)
</pre></div></td>
<td>0</td>
<td>com.mycompany.fusionauth.plugins.ExampleArgon2idPasswordEncryptorTest@687080dc</td></tr>
<tr>
<td title='com.mycompany.fusionauth.plugins.ExampleArgon2idPasswordEncryptorTest.Should_ThrowException_When_ParallelismLessThan1()'><b>Should_ThrowException_When_ParallelismLessThan1</b><br>Test class: com.mycompany.fusionauth.plugins.ExampleArgon2idPasswordEncryptorTest</td>
<td><div><pre>java.lang.IllegalArgumentException: Invalid Parallelism value [0] it must be an integer greater, or equal to 1
	at com.mycompany.fusionauth.plugins.ExampleArgon2idPasswordEncryptor.setParallelism(ExampleArgon2idPasswordEncryptor.java:131)
	at com.mycompany.fusionauth.plugins.ExampleArgon2idPasswordEncryptorTest.Should_ThrowException_When_ParallelismLessThan1(ExampleArgon2idPasswordEncryptorTest.java:42)
	at java.base/java.util.ArrayList.forEach(ArrayList.java:1511)
... Removed 33 stack frames</pre></div><a href='#' onClick='toggleBox("stack-trace1021436681", this, "Click to show all stack frames", "Click to hide stack frames")'>Click to show all stack frames</a>
<div class='stack-trace' id='stack-trace1021436681'><pre>java.lang.IllegalArgumentException: Invalid Parallelism value [0] it must be an integer greater, or equal to 1
	at com.mycompany.fusionauth.plugins.ExampleArgon2idPasswordEncryptor.setParallelism(ExampleArgon2idPasswordEncryptor.java:131)
	at com.mycompany.fusionauth.plugins.ExampleArgon2idPasswordEncryptorTest.Should_ThrowException_When_ParallelismLessThan1(ExampleArgon2idPasswordEncryptorTest.java:42)
	at java.base/jdk.internal.reflect.DirectMethodHandleAccessor.invoke(DirectMethodHandleAccessor.java:104)
	at java.base/java.lang.reflect.Method.invoke(Method.java:577)
	at org.testng.internal.MethodInvocationHelper.invokeMethod(MethodInvocationHelper.java:132)
	at org.testng.internal.TestInvoker.invokeMethod(TestInvoker.java:599)
	at org.testng.internal.TestInvoker.invokeTestMethod(TestInvoker.java:174)
	at org.testng.internal.MethodRunner.runInSequence(MethodRunner.java:46)
	at org.testng.internal.TestInvoker$MethodInvocationAgent.invoke(TestInvoker.java:822)
	at org.testng.internal.TestInvoker.invokeTestMethods(TestInvoker.java:147)
	at org.testng.internal.TestMethodWorker.invokeTestMethods(TestMethodWorker.java:146)
	at org.testng.internal.TestMethodWorker.run(TestMethodWorker.java:128)
	at java.base/java.util.ArrayList.forEach(ArrayList.java:1511)
	at org.testng.TestRunner.privateRun(TestRunner.java:764)
	at org.testng.TestRunner.run(TestRunner.java:585)
	at org.testng.SuiteRunner.runTest(SuiteRunner.java:384)
	at org.testng.SuiteRunner.runSequentially(SuiteRunner.java:378)
	at org.testng.SuiteRunner.privateRun(SuiteRunner.java:337)
	at org.testng.SuiteRunner.run(SuiteRunner.java:286)
	at org.testng.SuiteRunnerWorker.runSuite(SuiteRunnerWorker.java:53)
	at org.testng.SuiteRunnerWorker.run(SuiteRunnerWorker.java:96)
	at org.testng.TestNG.runSuitesSequentially(TestNG.java:1218)
	at org.testng.TestNG.runSuitesLocally(TestNG.java:1140)
	at org.testng.TestNG.runSuites(TestNG.java:1069)
	at org.testng.TestNG.run(TestNG.java:1037)
	at org.apache.maven.surefire.testng.TestNGExecutor.run(TestNGExecutor.java:77)
	at org.apache.maven.surefire.testng.TestNGDirectoryTestSuite.executeMulti(TestNGDirectoryTestSuite.java:159)
	at org.apache.maven.surefire.testng.TestNGDirectoryTestSuite.execute(TestNGDirectoryTestSuite.java:99)
	at org.apache.maven.surefire.testng.TestNGProvider.invoke(TestNGProvider.java:106)
	at java.base/jdk.internal.reflect.DirectMethodHandleAccessor.invoke(DirectMethodHandleAccessor.java:104)
	at java.base/java.lang.reflect.Method.invoke(Method.java:577)
	at org.apache.maven.surefire.util.ReflectionUtils.invokeMethodWithArray(ReflectionUtils.java:189)
	at org.apache.maven.surefire.booter.ProviderFactory$ProviderProxy.invoke(ProviderFactory.java:165)
	at org.apache.maven.surefire.booter.ProviderFactory.invokeProvider(ProviderFactory.java:85)
	at org.apache.maven.surefire.booter.ForkedBooter.runSuitesInProcess(ForkedBooter.java:115)
	at org.apache.maven.surefire.booter.ForkedBooter.main(ForkedBooter.java:75)
</pre></div></td>
<td>0</td>
<td>com.mycompany.fusionauth.plugins.ExampleArgon2idPasswordEncryptorTest@687080dc</td></tr>
<tr>
<td title='com.mycompany.fusionauth.plugins.ExampleArgon2idPasswordEncryptorTest.Should_ThrowException_When_TimeCostLessThan1()'><b>Should_ThrowException_When_TimeCostLessThan1</b><br>Test class: com.mycompany.fusionauth.plugins.ExampleArgon2idPasswordEncryptorTest</td>
<td><div><pre>java.lang.IllegalArgumentException: Invalid Time Cost value [0] it must be an integer greater, or equal to 1
	at com.mycompany.fusionauth.plugins.ExampleArgon2idPasswordEncryptor.setTimeCost(ExampleArgon2idPasswordEncryptor.java:102)
	at com.mycompany.fusionauth.plugins.ExampleArgon2idPasswordEncryptorTest.Should_ThrowException_When_TimeCostLessThan1(ExampleArgon2idPasswordEncryptorTest.java:24)
	at java.base/java.util.ArrayList.forEach(ArrayList.java:1511)
... Removed 33 stack frames</pre></div><a href='#' onClick='toggleBox("stack-trace1790585734", this, "Click to show all stack frames", "Click to hide stack frames")'>Click to show all stack frames</a>
<div class='stack-trace' id='stack-trace1790585734'><pre>java.lang.IllegalArgumentException: Invalid Time Cost value [0] it must be an integer greater, or equal to 1
	at com.mycompany.fusionauth.plugins.ExampleArgon2idPasswordEncryptor.setTimeCost(ExampleArgon2idPasswordEncryptor.java:102)
	at com.mycompany.fusionauth.plugins.ExampleArgon2idPasswordEncryptorTest.Should_ThrowException_When_TimeCostLessThan1(ExampleArgon2idPasswordEncryptorTest.java:24)
	at java.base/jdk.internal.reflect.DirectMethodHandleAccessor.invoke(DirectMethodHandleAccessor.java:104)
	at java.base/java.lang.reflect.Method.invoke(Method.java:577)
	at org.testng.internal.MethodInvocationHelper.invokeMethod(MethodInvocationHelper.java:132)
	at org.testng.internal.TestInvoker.invokeMethod(TestInvoker.java:599)
	at org.testng.internal.TestInvoker.invokeTestMethod(TestInvoker.java:174)
	at org.testng.internal.MethodRunner.runInSequence(MethodRunner.java:46)
	at org.testng.internal.TestInvoker$MethodInvocationAgent.invoke(TestInvoker.java:822)
	at org.testng.internal.TestInvoker.invokeTestMethods(TestInvoker.java:147)
	at org.testng.internal.TestMethodWorker.invokeTestMethods(TestMethodWorker.java:146)
	at org.testng.internal.TestMethodWorker.run(TestMethodWorker.java:128)
	at java.base/java.util.ArrayList.forEach(ArrayList.java:1511)
	at org.testng.TestRunner.privateRun(TestRunner.java:764)
	at org.testng.TestRunner.run(TestRunner.java:585)
	at org.testng.SuiteRunner.runTest(SuiteRunner.java:384)
	at org.testng.SuiteRunner.runSequentially(SuiteRunner.java:378)
	at org.testng.SuiteRunner.privateRun(SuiteRunner.java:337)
	at org.testng.SuiteRunner.run(SuiteRunner.java:286)
	at org.testng.SuiteRunnerWorker.runSuite(SuiteRunnerWorker.java:53)
	at org.testng.SuiteRunnerWorker.run(SuiteRunnerWorker.java:96)
	at org.testng.TestNG.runSuitesSequentially(TestNG.java:1218)
	at org.testng.TestNG.runSuitesLocally(TestNG.java:1140)
	at org.testng.TestNG.runSuites(TestNG.java:1069)
	at org.testng.TestNG.run(TestNG.java:1037)
	at org.apache.maven.surefire.testng.TestNGExecutor.run(TestNGExecutor.java:77)
	at org.apache.maven.surefire.testng.TestNGDirectoryTestSuite.executeMulti(TestNGDirectoryTestSuite.java:159)
	at org.apache.maven.surefire.testng.TestNGDirectoryTestSuite.execute(TestNGDirectoryTestSuite.java:99)
	at org.apache.maven.surefire.testng.TestNGProvider.invoke(TestNGProvider.java:106)
	at java.base/jdk.internal.reflect.DirectMethodHandleAccessor.invoke(DirectMethodHandleAccessor.java:104)
	at java.base/java.lang.reflect.Method.invoke(Method.java:577)
	at org.apache.maven.surefire.util.ReflectionUtils.invokeMethodWithArray(ReflectionUtils.java:189)
	at org.apache.maven.surefire.booter.ProviderFactory$ProviderProxy.invoke(ProviderFactory.java:165)
	at org.apache.maven.surefire.booter.ProviderFactory.invokeProvider(ProviderFactory.java:85)
	at org.apache.maven.surefire.booter.ForkedBooter.runSuitesInProcess(ForkedBooter.java:115)
	at org.apache.maven.surefire.booter.ForkedBooter.main(ForkedBooter.java:75)
</pre></div></td>
<td>0</td>
<td>com.mycompany.fusionauth.plugins.ExampleArgon2idPasswordEncryptorTest@687080dc</td></tr>
<tr>
<td title='com.mycompany.fusionauth.plugins.ExampleRfc2898DeriveBytesPasswordEncryptorTest.encrypt()'><b>encrypt</b><br>Test class: com.mycompany.fusionauth.plugins.ExampleRfc2898DeriveBytesPasswordEncryptorTest<br>Parameters: supersecret, AJERV+ZvwakXg+AP09yPDJtwucf/9+jsoAGoeB8CMTzr0bsEQL3IQ4StQ/8/EmwHFA==</td>
<td></td>
<td>0</td>
<td>com.mycompany.fusionauth.plugins.ExampleRfc2898DeriveBytesPasswordEncryptorTest@3e57cd70</td></tr>
<tr>
<td title='com.mycompany.fusionauth.plugins.ExampleRfc2898DeriveBytesPasswordEncryptorTest.encrypt()'><b>encrypt</b><br>Test class: com.mycompany.fusionauth.plugins.ExampleRfc2898DeriveBytesPasswordEncryptorTest<br>Parameters: supersecret, AEhNvtxbnvkRnAEPRS6ol0Edi+WF6AtXOwDk3Eck/dfeUpCulPX1yVU4G9UpFRycjQ==</td>
<td></td>
<td>0</td>
<td>com.mycompany.fusionauth.plugins.ExampleRfc2898DeriveBytesPasswordEncryptorTest@3e57cd70</td></tr>
<tr>
<td title='com.mycompany.fusionauth.plugins.ExampleRfc2898DeriveBytesPasswordEncryptorTest.encrypt()'><b>encrypt</b><br>Test class: com.mycompany.fusionauth.plugins.ExampleRfc2898DeriveBytesPasswordEncryptorTest<br>Parameters: supersecret, AI0060+guxTYvJPL3kEqAzDwW3Avnpbd7+lTXM/K8ft7433JMy1PS/pSmhBIX3xotw==</td>
<td></td>
<td>0</td>
<td>com.mycompany.fusionauth.plugins.ExampleRfc2898DeriveBytesPasswordEncryptorTest@3e57cd70</td></tr>
<tr>
<td title='com.mycompany.fusionauth.plugins.ExampleRfc2898DeriveBytesPasswordEncryptorTest.encrypt()'><b>encrypt</b><br>Test class: com.mycompany.fusionauth.plugins.ExampleRfc2898DeriveBytesPasswordEncryptorTest<br>Parameters: supersecret, AM0P7hfdDHw2d0Y9lZoxN9FY5v7rn8cfEL1AGngrNmFxZLPZs832m+lWPlPIepyuoQ==</td>
<td></td>
<td>0</td>
<td>com.mycompany.fusionauth.plugins.ExampleRfc2898DeriveBytesPasswordEncryptorTest@3e57cd70</td></tr>
<tr>
<td title='com.mycompany.fusionauth.plugins.ExampleRfc2898DeriveBytesPasswordEncryptorTest.encrypt()'><b>encrypt</b><br>Test class: com.mycompany.fusionauth.plugins.ExampleRfc2898DeriveBytesPasswordEncryptorTest<br>Parameters: supersecret, AGlXna8THOKvQJGBFentzM11DRO65gdWYwrUM9G4iFKY2DFt4qFc1/O/zaFTEikaOA==</td>
<td></td>
<td>0</td>
<td>com.mycompany.fusionauth.plugins.ExampleRfc2898DeriveBytesPasswordEncryptorTest@3e57cd70</td></tr>
<tr>
<td title='com.mycompany.fusionauth.plugins.ExampleFirebaseScryptPasswordEncryptorTest.encrypt()'><b>encrypt</b><br>Test class: com.mycompany.fusionauth.plugins.ExampleFirebaseScryptPasswordEncryptorTest</td>
<td></td>
<td>0</td>
<td>com.mycompany.fusionauth.plugins.ExampleFirebaseScryptPasswordEncryptorTest@9a7504c</td></tr>
<tr>
<td title='com.mycompany.fusionauth.plugins.ExamplePHPMD5SaltedPasswordEncryptorTest.encrypt()'><b>encrypt</b><br>Test class: com.mycompany.fusionauth.plugins.ExamplePHPMD5SaltedPasswordEncryptorTest<br>Parameters: $P$9IQRaTwmfeRo7ud9Fh4E2PdI0S3r.L0, 2048, eRo7ud9Fh4E2PdI0S3r.L0, IQRaTwmf, test12345</td>
<td></td>
<td>0</td>
<td>com.mycompany.fusionauth.plugins.ExamplePHPMD5SaltedPasswordEncryptorTest@2c039ac6</td></tr>
<tr>
<td title='com.mycompany.fusionauth.plugins.ExamplePHPMD5SaltedPasswordEncryptorTest.encrypt()'><b>encrypt</b><br>Test class: com.mycompany.fusionauth.plugins.ExamplePHPMD5SaltedPasswordEncryptorTest<br>Parameters: $P$Buvd5FQxkeXJnDarN7..wRMwRKJeZ40, 8192, eXJnDarN7..wRMwRKJeZ40, uvd5FQxk, !?!#?#?#$&@&@!&@</td>
<td></td>
<td>0</td>
<td>com.mycompany.fusionauth.plugins.ExamplePHPMD5SaltedPasswordEncryptorTest@2c039ac6</td></tr>
<tr>
<td title='com.mycompany.fusionauth.plugins.ExamplePHPMD5SaltedPasswordEncryptorTest.encrypt()'><b>encrypt</b><br>Test class: com.mycompany.fusionauth.plugins.ExamplePHPMD5SaltedPasswordEncryptorTest<br>Parameters: $P$BVaXtDXwf/ceSVp8VpLKx8bS2Y4O5F/, 8192, /ceSVp8VpLKx8bS2Y4O5F/, VaXtDXwf, 123456</td>
<td></td>
<td>0</td>
<td>com.mycompany.fusionauth.plugins.ExamplePHPMD5SaltedPasswordEncryptorTest@2c039ac6</td></tr>
<tr>
<td title='com.mycompany.fusionauth.plugins.ExamplePBDKF2HMACSHA1PasswordEncryptorTest.encrypt()'><b>encrypt</b><br>Test class: com.mycompany.fusionauth.plugins.ExamplePBDKF2HMACSHA1PasswordEncryptorTest<br>Parameters: password123, 1484161696d0ca62390273b98846f49671cecd78, 4761D3392092F9CA6036B53DC92C6D7F3D597576</td>
<td></td>
<td>0</td>
<td>com.mycompany.fusionauth.plugins.ExamplePBDKF2HMACSHA1PasswordEncryptorTest@587d1d39</td></tr>
<tr>
<td title='com.mycompany.fusionauth.plugins.ExamplePBDKF2HMACSHA1PasswordEncryptorTest.encrypt()'><b>encrypt</b><br>Test class: com.mycompany.fusionauth.plugins.ExamplePBDKF2HMACSHA1PasswordEncryptorTest<br>Parameters: password123, ea95629c7954d73ea670f07a798e9fd4ab907593, 9480AD9A59CB5053B832BA5E731AFCD1F78068EC</td>
<td></td>
<td>0</td>
<td>com.mycompany.fusionauth.plugins.ExamplePBDKF2HMACSHA1PasswordEncryptorTest@587d1d39</td></tr>
<tr>
<td title='com.mycompany.fusionauth.plugins.ExampleLDAPSaltedSHA512PasswordEncryptorTest.encrypt()'><b>encrypt</b><br>Test class: com.mycompany.fusionauth.plugins.ExampleLDAPSaltedSHA512PasswordEncryptorTest</td>
<td></td>
<td>0</td>
<td>com.mycompany.fusionauth.plugins.ExampleLDAPSaltedSHA512PasswordEncryptorTest@58c1670b</td></tr>
<tr>
<td title='com.mycompany.fusionauth.plugins.MyExamplePasswordEncryptorTest.encrypt()'><b>encrypt</b><br>Test class: com.mycompany.fusionauth.plugins.MyExamplePasswordEncryptorTest</td>
<td></td>
<td>0</td>
<td>com.mycompany.fusionauth.plugins.MyExamplePasswordEncryptorTest@6b57696f</td></tr>
<tr>
<td title='com.mycompany.fusionauth.plugins.ExampleCustomMD5SaltAppendedPasswordEncryptorTest.encrypt()'><b>encrypt</b><br>Test class: com.mycompany.fusionauth.plugins.ExampleCustomMD5SaltAppendedPasswordEncryptorTest</td>
<td></td>
<td>0</td>
<td>com.mycompany.fusionauth.plugins.ExampleCustomMD5SaltAppendedPasswordEncryptorTest@5bb21b69</td></tr>
<tr>
<td title='com.mycompany.fusionauth.plugins.ExamplePBDKF2HMACSHA256Keylength512PasswordHasherTest.encrypt()'><b>encrypt</b><br>Test class: com.mycompany.fusionauth.plugins.ExamplePBDKF2HMACSHA256Keylength512PasswordHasherTest<br>Parameters: password, jVqbuA9k2Mlo37OWXBMKLw==, LjFqvhPuUHJdQvWIwVQfqxjeujAWqG/DVQRFoOv62/cTznl9ob4jwWwY6i1RrwGviu5iNPU5VIp03SxDyetyfw==</td>
<td></td>
<td>0</td>
<td>com.mycompany.fusionauth.plugins.ExamplePBDKF2HMACSHA256Keylength512PasswordHasherTest@6b9651f3</td></tr>
<tr>
<td title='com.mycompany.fusionauth.plugins.ExamplePBDKF2HMACSHA256Keylength512PasswordHasherTest.encrypt()'><b>encrypt</b><br>Test class: com.mycompany.fusionauth.plugins.ExamplePBDKF2HMACSHA256Keylength512PasswordHasherTest<br>Parameters: password, XnYZtiSCmFE5HF/ZplNCow==, OFb32+cOm0sgtEcmNiGC83A27Sk1gb0fynv0RUXBfFXEJ/EieUPlx4uDAGA/q0/FkX2iHO45qqoIqBesiYMIUg==</td>
<td></td>
<td>0</td>
<td>com.mycompany.fusionauth.plugins.ExamplePBDKF2HMACSHA256Keylength512PasswordHasherTest@6b9651f3</td></tr>
<tr>
<td title='com.mycompany.fusionauth.plugins.ExampleSaltedSHA512PasswordEncryptorTest.encrypt()'><b>encrypt</b><br>Test class: com.mycompany.fusionauth.plugins.ExampleSaltedSHA512PasswordEncryptorTest</td>
<td></td>
<td>0</td>
<td>com.mycompany.fusionauth.plugins.ExampleSaltedSHA512PasswordEncryptorTest@38bc8ab5</td></tr>
<tr>
<td title='com.mycompany.fusionauth.plugins.ExampleArgon2idPasswordEncryptorTest.encrypt()'><b>encrypt</b><br>Test class: com.mycompany.fusionauth.plugins.ExampleArgon2idPasswordEncryptorTest</td>
<td></td>
<td>0</td>
<td>com.mycompany.fusionauth.plugins.ExampleArgon2idPasswordEncryptorTest@687080dc</td></tr>
<tr>
<td title='com.mycompany.fusionauth.plugins.ExampleCustomMD5SaltedPasswordEncryptorTest.encrypt()'><b>encrypt</b><br>Test class: com.mycompany.fusionauth.plugins.ExampleCustomMD5SaltedPasswordEncryptorTest</td>
<td></td>
<td>0</td>
<td>com.mycompany.fusionauth.plugins.ExampleCustomMD5SaltedPasswordEncryptorTest@23d2a7e8</td></tr>
</table><p>
</body>
</html>